#
# There is insufficient memory for the Java Runtime Environment to continue.
# Native memory allocation (malloc) failed to allocate 33136 bytes for Chunk::new
# Possible reasons:
#   The system is out of physical RAM or swap space
#   The process is running with CompressedOops enabled, and the Java Heap may be blocking the growth of the native heap
# Possible solutions:
#   Reduce memory load on the system
#   Increase physical memory or swap space
#   Check if swap backing store is full
#   Decrease Java heap size (-Xmx/-Xms)
#   Decrease number of Java threads
#   Decrease Java thread stack sizes (-Xss)
#   Set larger code cache with -XX:ReservedCodeCacheSize=
#   JVM is running with Unscaled Compressed Oops mode in which the Java heap is
#     placed in the first 4GB address space. The Java Heap base address is the
#     maximum limit for the native heap growth. Please use -XX:HeapBaseMinAddress
#     to set the Java Heap base and to place the Java Heap above 4GB virtual address.
# This output file may be truncated or incomplete.
#
#  Out of Memory Error (./open/src/hotspot/share/memory/arena.cpp:197), pid=75744, tid=107484
#
# JRE version: Java(TM) SE Runtime Environment 18.9 (11.0.16+11) (build 11.0.16+11-LTS-199)
# Java VM: Java HotSpot(TM) 64-Bit Server VM 18.9 (11.0.16+11-LTS-199, mixed mode, tiered, compressed oops, g1 gc, windows-amd64)
# No core dump will be written. Minidumps are not enabled by default on client versions of Windows
#

---------------  S U M M A R Y ------------

Command Line: --add-opens=java.base/java.util=ALL-UNNAMED --add-opens=java.base/java.lang=ALL-UNNAMED --add-opens=java.base/java.lang.invoke=ALL-UNNAMED --add-opens=java.base/java.util=ALL-UNNAMED --add-opens=java.prefs/java.util.prefs=ALL-UNNAMED --add-opens=java.prefs/java.util.prefs=ALL-UNNAMED --add-opens=java.base/java.nio.charset=ALL-UNNAMED --add-opens=java.base/java.net=ALL-UNNAMED --add-opens=java.base/java.util.concurrent.atomic=ALL-UNNAMED -Xmx2048m -Dfile.encoding=UTF-8 -Duser.country=FR -Duser.language=fr -Duser.variant org.gradle.launcher.daemon.bootstrap.GradleDaemon 7.3.3

Host: AMD Ryzen 5 5500U with Radeon Graphics         , 12 cores, 5G,  Windows 11 , 64 bit Build 22000 (10.0.22000.1219)
Time: Sun Dec 11 19:48:07 2022 Paris, Madrid elapsed time: 259.261347 seconds (0d 0h 4m 19s)

---------------  T H R E A D  ---------------

Current thread (0x0000020ac00c1800):  JavaThread "C2 CompilerThread0" daemon [_thread_in_native, id=107484, stack(0x0000009878800000,0x0000009878900000)]


Current CompileTask:
C2: 259261 12397       4       org.gradle.api.internal.artifacts.ivyservice.modulecache.StringDeduplicatingDecoder::readBoolean (10 bytes)

Stack: [0x0000009878800000,0x0000009878900000]
Native frames: (J=compiled Java code, j=interpreted, Vv=VM code, C=native code)
V  [jvm.dll+0x62a3ea]
V  [jvm.dll+0x76418f]
V  [jvm.dll+0x765839]
V  [jvm.dll+0x765ec3]
V  [jvm.dll+0x23da98]
V  [jvm.dll+0xb2a1c]
V  [jvm.dll+0xb2fdc]
V  [jvm.dll+0x341487]
V  [jvm.dll+0x18c8e3]
V  [jvm.dll+0x1f85b2]
V  [jvm.dll+0x1f768d]
V  [jvm.dll+0x177c81]
V  [jvm.dll+0x207006]
V  [jvm.dll+0x20519b]
V  [jvm.dll+0x729fa0]
V  [jvm.dll+0x722b74]
V  [jvm.dll+0x629286]
C  [ucrtbase.dll+0x26c0c]
C  [KERNEL32.DLL+0x15550]
C  [ntdll.dll+0x485b]


---------------  P R O C E S S  ---------------

Threads class SMR info:
_java_thread_list=0x0000020ac1c1dd30, length=46, elements={
0x0000020a9fcac000, 0x0000020ac009e000, 0x0000020ac00a6800, 0x0000020ac0a72800,
0x0000020ac00c0000, 0x0000020ac00c0800, 0x0000020ac00c1800, 0x0000020ac00ca800,
0x0000020ac00d6000, 0x0000020ac0bc3000, 0x0000020ac2168000, 0x0000020ac214a000,
0x0000020ac2927000, 0x0000020ac24b9800, 0x0000020ac24be000, 0x0000020ac24c0000,
0x0000020ac24ba000, 0x0000020ac24bb000, 0x0000020ac24bb800, 0x0000020ac24bc800,
0x0000020ac3017800, 0x0000020ac301a000, 0x0000020ac3018800, 0x0000020ac3017000,
0x0000020ac3014800, 0x0000020ac3016000, 0x0000020ac3015800, 0x0000020ac301b000,
0x0000020ac301c000, 0x0000020ac301e800, 0x0000020ac3020000, 0x0000020ac3020800,
0x0000020ac6077800, 0x0000020ac6071800, 0x0000020ac6072800, 0x0000020ac6231800,
0x0000020ac6236800, 0x0000020ac6232000, 0x0000020ac6234000, 0x0000020ac6234800,
0x0000020ac6235800, 0x0000020ac6230800, 0x0000020ac623d000, 0x0000020ac6239800,
0x0000020ac6237000, 0x0000020ac623a800
}

Java Threads: ( => current thread )
  0x0000020a9fcac000 JavaThread "main" [_thread_blocked, id=105540, stack(0x0000009877c00000,0x0000009877d00000)]
  0x0000020ac009e000 JavaThread "Reference Handler" daemon [_thread_blocked, id=86752, stack(0x0000009878300000,0x0000009878400000)]
  0x0000020ac00a6800 JavaThread "Finalizer" daemon [_thread_blocked, id=107056, stack(0x0000009878400000,0x0000009878500000)]
  0x0000020ac0a72800 JavaThread "Signal Dispatcher" daemon [_thread_blocked, id=108260, stack(0x0000009878500000,0x0000009878600000)]
  0x0000020ac00c0000 JavaThread "Attach Listener" daemon [_thread_blocked, id=103564, stack(0x0000009878600000,0x0000009878700000)]
  0x0000020ac00c0800 JavaThread "Service Thread" daemon [_thread_blocked, id=105528, stack(0x0000009878700000,0x0000009878800000)]
=>0x0000020ac00c1800 JavaThread "C2 CompilerThread0" daemon [_thread_in_native, id=107484, stack(0x0000009878800000,0x0000009878900000)]
  0x0000020ac00ca800 JavaThread "C1 CompilerThread0" daemon [_thread_blocked, id=105044, stack(0x0000009878900000,0x0000009878a00000)]
  0x0000020ac00d6000 JavaThread "Sweeper thread" daemon [_thread_in_vm, id=107848, stack(0x0000009878a00000,0x0000009878b00000)]
  0x0000020ac0bc3000 JavaThread "Common-Cleaner" daemon [_thread_blocked, id=107856, stack(0x0000009878b00000,0x0000009878c00000)]
  0x0000020ac2168000 JavaThread "Daemon health stats" [_thread_blocked, id=108272, stack(0x0000009878e00000,0x0000009878f00000)]
  0x0000020ac214a000 JavaThread "Incoming local TCP Connector on port 63588" [_thread_in_native, id=100608, stack(0x0000009878f00000,0x0000009879000000)]
  0x0000020ac2927000 JavaThread "Daemon periodic checks" [_thread_blocked, id=98524, stack(0x0000009879500000,0x0000009879600000)]
  0x0000020ac24b9800 JavaThread "Cache worker for journal cache (C:\Users\ouuum\.gradle\caches\journal-1)" [_thread_blocked, id=107248, stack(0x000000987a100000,0x000000987a200000)]
  0x0000020ac24be000 JavaThread "File lock request listener" [_thread_in_native, id=91728, stack(0x000000987a200000,0x000000987a300000)]
  0x0000020ac24c0000 JavaThread "Cache worker for file hash cache (C:\Users\ouuum\.gradle\caches\7.3.3\fileHashes)" [_thread_blocked, id=63352, stack(0x000000987a300000,0x000000987a400000)]
  0x0000020ac24ba000 JavaThread "File watcher server" daemon [_thread_in_native, id=107576, stack(0x000000987a700000,0x000000987a800000)]
  0x0000020ac24bb000 JavaThread "File watcher consumer" daemon [_thread_blocked, id=107408, stack(0x000000987a800000,0x000000987a900000)]
  0x0000020ac24bb800 JavaThread "jar transforms" [_thread_blocked, id=99848, stack(0x000000987a900000,0x000000987aa00000)]
  0x0000020ac24bc800 JavaThread "jar transforms Thread 2" [_thread_blocked, id=48184, stack(0x000000987aa00000,0x000000987ab00000)]
  0x0000020ac3017800 JavaThread "jar transforms Thread 3" [_thread_blocked, id=103576, stack(0x000000987ab00000,0x000000987ac00000)]
  0x0000020ac301a000 JavaThread "jar transforms Thread 4" [_thread_blocked, id=105572, stack(0x000000987ac00000,0x000000987ad00000)]
  0x0000020ac3018800 JavaThread "jar transforms Thread 5" [_thread_blocked, id=30756, stack(0x000000987ad00000,0x000000987ae00000)]
  0x0000020ac3017000 JavaThread "jar transforms Thread 6" [_thread_blocked, id=107032, stack(0x000000987ae00000,0x000000987af00000)]
  0x0000020ac3014800 JavaThread "jar transforms Thread 7" [_thread_blocked, id=104348, stack(0x000000987af00000,0x000000987b000000)]
  0x0000020ac3016000 JavaThread "jar transforms Thread 8" [_thread_blocked, id=102280, stack(0x000000987b000000,0x000000987b100000)]
  0x0000020ac3015800 JavaThread "jar transforms Thread 9" [_thread_blocked, id=97640, stack(0x000000987b100000,0x000000987b200000)]
  0x0000020ac301b000 JavaThread "jar transforms Thread 10" [_thread_blocked, id=97532, stack(0x000000987b200000,0x000000987b300000)]
  0x0000020ac301c000 JavaThread "jar transforms Thread 11" [_thread_blocked, id=96864, stack(0x000000987b300000,0x000000987b400000)]
  0x0000020ac301e800 JavaThread "jar transforms Thread 12" [_thread_blocked, id=101136, stack(0x000000987b400000,0x000000987b500000)]
  0x0000020ac3020000 JavaThread "Cache worker for execution history cache (C:\Users\ouuum\.gradle\caches\7.3.3\executionHistory)" [_thread_blocked, id=106144, stack(0x000000987b800000,0x000000987b900000)]
  0x0000020ac3020800 JavaThread "Cache worker for file content cache (C:\Users\ouuum\.gradle\caches\7.3.3\fileContent)" [_thread_blocked, id=107988, stack(0x000000987b900000,0x000000987ba00000)]
  0x0000020ac6077800 JavaThread "Memory manager" [_thread_blocked, id=107380, stack(0x0000009803400000,0x0000009803500000)]
  0x0000020ac6071800 JavaThread "Daemon Thread 2" [_thread_blocked, id=103560, stack(0x0000009800000000,0x0000009800100000)]
  0x0000020ac6072800 JavaThread "Daemon worker Thread 2" [_thread_in_native, id=102056, stack(0x0000009800300000,0x0000009800400000)]
  0x0000020ac6231800 JavaThread "Handler for socket connection from /127.0.0.1:63588 to /127.0.0.1:63704" [_thread_in_native, id=84396, stack(0x0000009800100000,0x0000009800200000)]
  0x0000020ac6236800 JavaThread "Cancel handler" [_thread_blocked, id=101320, stack(0x0000009800200000,0x0000009800300000)]
  0x0000020ac6232000 JavaThread "Asynchronous log dispatcher for DefaultDaemonConnection: socket connection from /127.0.0.1:63588 to /127.0.0.1:63704" [_thread_blocked, id=105328, stack(0x0000009800400000,0x0000009800500000)]
  0x0000020ac6234000 JavaThread "Stdin handler" [_thread_blocked, id=104924, stack(0x0000009800500000,0x0000009800600000)]
  0x0000020ac6234800 JavaThread "Daemon client event forwarder" [_thread_blocked, id=104652, stack(0x0000009800600000,0x0000009800700000)]
  0x0000020ac6235800 JavaThread "Cache worker for file hash cache (C:\Users\ouuum\Desktop\IHM\APPS\SaM\.gradle\7.3.3\fileHashes)" [_thread_blocked, id=105920, stack(0x0000009800700000,0x0000009800800000)]
  0x0000020ac6230800 JavaThread "Cache worker for checksums cache (C:\Users\ouuum\Desktop\IHM\APPS\SaM\.gradle\7.3.3\checksums)" [_thread_blocked, id=84056, stack(0x0000009800800000,0x0000009800900000)]
  0x0000020ac623d000 JavaThread "Cache worker for cache directory md-supplier (C:\Users\ouuum\.gradle\caches\7.3.3\md-supplier)" [_thread_blocked, id=100500, stack(0x0000009800900000,0x0000009800a00000)]
  0x0000020ac6239800 JavaThread "Cache worker for cache directory md-rule (C:\Users\ouuum\.gradle\caches\7.3.3\md-rule)" [_thread_blocked, id=103936, stack(0x0000009800a00000,0x0000009800b00000)]
  0x0000020ac6237000 JavaThread "Cache worker for dependencies-accessors (C:\Users\ouuum\Desktop\IHM\APPS\SaM\.gradle\7.3.3\dependencies-accessors)" [_thread_blocked, id=106180, stack(0x0000009800b00000,0x0000009800c00000)]
  0x0000020ac623a800 JavaThread "Cache worker for Build Output Cleanup Cache (C:\Users\ouuum\Desktop\IHM\APPS\SaM\.gradle\buildOutputCleanup)" [_thread_blocked, id=103512, stack(0x0000009800c00000,0x0000009800d00000)]

Other Threads:
  0x0000020ac009d000 VMThread "VM Thread" [stack: 0x0000009878200000,0x0000009878300000] [id=105952]
  0x0000020ac0bf1000 WatcherThread [stack: 0x0000009878c00000,0x0000009878d00000] [id=71600]
  0x0000020a9fcc3000 GCTaskThread "GC Thread#0" [stack: 0x0000009877d00000,0x0000009877e00000] [id=108028]
  0x0000020ac1629000 GCTaskThread "GC Thread#1" [stack: 0x0000009878d00000,0x0000009878e00000] [id=108448]
  0x0000020ac1b29000 GCTaskThread "GC Thread#2" [stack: 0x0000009879000000,0x0000009879100000] [id=104940]
  0x0000020ac1841800 GCTaskThread "GC Thread#3" [stack: 0x0000009879100000,0x0000009879200000] [id=87996]
  0x0000020ac256a000 GCTaskThread "GC Thread#4" [stack: 0x0000009879200000,0x0000009879300000] [id=105364]
  0x0000020ac2228000 GCTaskThread "GC Thread#5" [stack: 0x0000009879300000,0x0000009879400000] [id=97032]
  0x0000020ac288b000 GCTaskThread "GC Thread#6" [stack: 0x0000009879d00000,0x0000009879e00000] [id=87484]
  0x0000020ac288c000 GCTaskThread "GC Thread#7" [stack: 0x0000009879e00000,0x0000009879f00000] [id=106472]
  0x0000020ac288c800 GCTaskThread "GC Thread#8" [stack: 0x0000009879f00000,0x000000987a000000] [id=90860]
  0x0000020ac288d000 GCTaskThread "GC Thread#9" [stack: 0x000000987a000000,0x000000987a100000] [id=102016]
  0x0000020a9fcf5000 ConcurrentGCThread "G1 Main Marker" [stack: 0x0000009877e00000,0x0000009877f00000] [id=108232]
  0x0000020a9fcf7000 ConcurrentGCThread "G1 Conc#0" [stack: 0x0000009877f00000,0x0000009878000000] [id=107776]
  0x0000020ac2f2e800 ConcurrentGCThread "G1 Conc#1" [stack: 0x000000987a400000,0x000000987a500000] [id=88132]
  0x0000020ac2f2f800 ConcurrentGCThread "G1 Conc#2" [stack: 0x000000987a500000,0x000000987a600000] [id=106596]
  0x0000020a9fd85800 ConcurrentGCThread "G1 Refine#0" [stack: 0x0000009878000000,0x0000009878100000] [id=77380]
  0x0000020ac16fa800 ConcurrentGCThread "G1 Refine#1" [stack: 0x0000009879400000,0x0000009879500000] [id=87140]
  0x0000020a9fd89800 ConcurrentGCThread "G1 Young RemSet Sampling" [stack: 0x0000009878100000,0x0000009878200000] [id=107464]

Threads with active compile tasks:
C2 CompilerThread0   259373 12397       4       org.gradle.api.internal.artifacts.ivyservice.modulecache.StringDeduplicatingDecoder::readBoolean (10 bytes)

VM state:not at safepoint (normal execution)

VM Mutex/Monitor currently owned by a thread:  ([mutex/lock_event])
[0x0000020a9fca8670] CompiledIC_lock - owner thread: 0x0000000000000000

Heap address: 0x0000000080000000, size: 2048 MB, Compressed Oops mode: 32-bit
Narrow klass base: 0x0000000000000000, Narrow klass shift: 3
Compressed class space size: 1073741824 Address: 0x0000000100000000

Heap:
 garbage-first heap   total 270336K, used 197718K [0x0000000080000000, 0x0000000100000000)
  region size 1024K, 21 young (21504K), 6 survivors (6144K)
 Metaspace       used 98185K, capacity 101114K, committed 101120K, reserved 1136640K
  class space    used 12734K, capacity 13818K, committed 13824K, reserved 1048576K
Heap Regions: E=young(eden), S=young(survivor), O=old, HS=humongous(starts), HC=humongous(continues), CS=collection set, F=free, A=archive, TAMS=top-at-mark-start (previous, next)
|   0|0x0000000080000000, 0x0000000080100000, 0x0000000080100000|100%| O|  |TAMS 0x0000000080100000, 0x0000000080000000| Untracked 
|   1|0x0000000080100000, 0x0000000080200000, 0x0000000080200000|100%| O|  |TAMS 0x0000000080200000, 0x0000000080100000| Untracked 
|   2|0x0000000080200000, 0x0000000080300000, 0x0000000080300000|100%| O|  |TAMS 0x0000000080300000, 0x0000000080200000| Untracked 
|   3|0x0000000080300000, 0x0000000080400000, 0x0000000080400000|100%|HS|  |TAMS 0x0000000080400000, 0x0000000080300000| Complete 
|   4|0x0000000080400000, 0x0000000080500000, 0x0000000080500000|100%|HC|  |TAMS 0x0000000080500000, 0x0000000080400000| Complete 
|   5|0x0000000080500000, 0x0000000080600000, 0x0000000080600000|100%|HC|  |TAMS 0x0000000080600000, 0x0000000080500000| Complete 
|   6|0x0000000080600000, 0x0000000080700000, 0x0000000080700000|100%| O|  |TAMS 0x0000000080700000, 0x0000000080600000| Untracked 
|   7|0x0000000080700000, 0x0000000080800000, 0x0000000080800000|100%| O|  |TAMS 0x0000000080800000, 0x0000000080700000| Untracked 
|   8|0x0000000080800000, 0x0000000080900000, 0x0000000080900000|100%| O|  |TAMS 0x0000000080900000, 0x0000000080800000| Untracked 
|   9|0x0000000080900000, 0x0000000080a00000, 0x0000000080a00000|100%| O|  |TAMS 0x0000000080a00000, 0x0000000080900000| Untracked 
|  10|0x0000000080a00000, 0x0000000080b00000, 0x0000000080b00000|100%| O|  |TAMS 0x0000000080b00000, 0x0000000080a00000| Untracked 
|  11|0x0000000080b00000, 0x0000000080c00000, 0x0000000080c00000|100%| O|  |TAMS 0x0000000080c00000, 0x0000000080b00000| Untracked 
|  12|0x0000000080c00000, 0x0000000080d00000, 0x0000000080d00000|100%| O|  |TAMS 0x0000000080d00000, 0x0000000080c00000| Untracked 
|  13|0x0000000080d00000, 0x0000000080e00000, 0x0000000080e00000|100%| O|  |TAMS 0x0000000080e00000, 0x0000000080d00000| Untracked 
|  14|0x0000000080e00000, 0x0000000080f00000, 0x0000000080f00000|100%| O|  |TAMS 0x0000000080f00000, 0x0000000080e00000| Untracked 
|  15|0x0000000080f00000, 0x0000000081000000, 0x0000000081000000|100%| O|  |TAMS 0x0000000081000000, 0x0000000080f00000| Untracked 
|  16|0x0000000081000000, 0x0000000081100000, 0x0000000081100000|100%|HS|  |TAMS 0x0000000081100000, 0x0000000081000000| Complete 
|  17|0x0000000081100000, 0x0000000081200000, 0x0000000081200000|100%|HC|  |TAMS 0x0000000081200000, 0x0000000081100000| Complete 
|  18|0x0000000081200000, 0x0000000081300000, 0x0000000081300000|100%|HS|  |TAMS 0x0000000081300000, 0x0000000081200000| Complete 
|  19|0x0000000081300000, 0x0000000081400000, 0x0000000081400000|100%|HC|  |TAMS 0x0000000081400000, 0x0000000081300000| Complete 
|  20|0x0000000081400000, 0x0000000081500000, 0x0000000081500000|100%|HC|  |TAMS 0x0000000081500000, 0x0000000081400000| Complete 
|  21|0x0000000081500000, 0x0000000081600000, 0x0000000081600000|100%|HS|  |TAMS 0x0000000081600000, 0x0000000081500000| Complete 
|  22|0x0000000081600000, 0x0000000081700000, 0x0000000081700000|100%|HC|  |TAMS 0x0000000081700000, 0x0000000081600000| Complete 
|  23|0x0000000081700000, 0x0000000081800000, 0x0000000081800000|100%|HC|  |TAMS 0x0000000081800000, 0x0000000081700000| Complete 
|  24|0x0000000081800000, 0x0000000081900000, 0x0000000081900000|100%|HS|  |TAMS 0x0000000081900000, 0x0000000081800000| Complete 
|  25|0x0000000081900000, 0x0000000081a00000, 0x0000000081a00000|100%|HC|  |TAMS 0x0000000081a00000, 0x0000000081900000| Complete 
|  26|0x0000000081a00000, 0x0000000081b00000, 0x0000000081b00000|100%|HS|  |TAMS 0x0000000081b00000, 0x0000000081a00000| Complete 
|  27|0x0000000081b00000, 0x0000000081c00000, 0x0000000081c00000|100%|HC|  |TAMS 0x0000000081c00000, 0x0000000081b00000| Complete 
|  28|0x0000000081c00000, 0x0000000081d00000, 0x0000000081d00000|100%|HC|  |TAMS 0x0000000081d00000, 0x0000000081c00000| Complete 
|  29|0x0000000081d00000, 0x0000000081e00000, 0x0000000081e00000|100%|HC|  |TAMS 0x0000000081e00000, 0x0000000081d00000| Complete 
|  30|0x0000000081e00000, 0x0000000081f00000, 0x0000000081f00000|100%|HC|  |TAMS 0x0000000081f00000, 0x0000000081e00000| Complete 
|  31|0x0000000081f00000, 0x0000000082000000, 0x0000000082000000|100%|HC|  |TAMS 0x0000000082000000, 0x0000000081f00000| Complete 
|  32|0x0000000082000000, 0x0000000082100000, 0x0000000082100000|100%|HC|  |TAMS 0x0000000082100000, 0x0000000082000000| Complete 
|  33|0x0000000082100000, 0x0000000082200000, 0x0000000082200000|100%|HC|  |TAMS 0x0000000082200000, 0x0000000082100000| Complete 
|  34|0x0000000082200000, 0x0000000082300000, 0x0000000082300000|100%|HC|  |TAMS 0x0000000082300000, 0x0000000082200000| Complete 
|  35|0x0000000082300000, 0x0000000082400000, 0x0000000082400000|100%|HC|  |TAMS 0x0000000082400000, 0x0000000082300000| Complete 
|  36|0x0000000082400000, 0x0000000082500000, 0x0000000082500000|100%|HS|  |TAMS 0x0000000082500000, 0x0000000082400000| Complete 
|  37|0x0000000082500000, 0x0000000082600000, 0x0000000082600000|100%|HC|  |TAMS 0x0000000082600000, 0x0000000082500000| Complete 
|  38|0x0000000082600000, 0x0000000082700000, 0x0000000082700000|100%| O|  |TAMS 0x0000000082700000, 0x0000000082600000| Untracked 
|  39|0x0000000082700000, 0x0000000082800000, 0x0000000082800000|100%|HS|  |TAMS 0x0000000082800000, 0x0000000082700000| Complete 
|  40|0x0000000082800000, 0x0000000082900000, 0x0000000082900000|100%|HC|  |TAMS 0x0000000082900000, 0x0000000082800000| Complete 
|  41|0x0000000082900000, 0x0000000082a00000, 0x0000000082a00000|100%|HC|  |TAMS 0x0000000082a00000, 0x0000000082900000| Complete 
|  42|0x0000000082a00000, 0x0000000082b00000, 0x0000000082b00000|100%|HC|  |TAMS 0x0000000082b00000, 0x0000000082a00000| Complete 
|  43|0x0000000082b00000, 0x0000000082c00000, 0x0000000082c00000|100%|HC|  |TAMS 0x0000000082c00000, 0x0000000082b00000| Complete 
|  44|0x0000000082c00000, 0x0000000082d00000, 0x0000000082d00000|100%| O|  |TAMS 0x0000000082d00000, 0x0000000082c00000| Untracked 
|  45|0x0000000082d00000, 0x0000000082e00000, 0x0000000082e00000|100%| O|  |TAMS 0x0000000082e00000, 0x0000000082d00000| Untracked 
|  46|0x0000000082e00000, 0x0000000082f00000, 0x0000000082f00000|100%| O|  |TAMS 0x0000000082f00000, 0x0000000082e00000| Untracked 
|  47|0x0000000082f00000, 0x0000000083000000, 0x0000000083000000|100%| O|  |TAMS 0x0000000083000000, 0x0000000082f00000| Untracked 
|  48|0x0000000083000000, 0x0000000083100000, 0x0000000083100000|100%| O|  |TAMS 0x0000000083100000, 0x0000000083000000| Untracked 
|  49|0x0000000083100000, 0x0000000083200000, 0x0000000083200000|100%| O|  |TAMS 0x0000000083200000, 0x0000000083100000| Untracked 
|  50|0x0000000083200000, 0x0000000083300000, 0x0000000083300000|100%| O|  |TAMS 0x0000000083300000, 0x0000000083200000| Untracked 
|  51|0x0000000083300000, 0x0000000083400000, 0x0000000083400000|100%| O|  |TAMS 0x0000000083400000, 0x0000000083300000| Untracked 
|  52|0x0000000083400000, 0x0000000083500000, 0x0000000083500000|100%| O|  |TAMS 0x0000000083500000, 0x0000000083400000| Untracked 
|  53|0x0000000083500000, 0x0000000083600000, 0x0000000083600000|100%| O|  |TAMS 0x0000000083600000, 0x0000000083500000| Untracked 
|  54|0x0000000083600000, 0x0000000083700000, 0x0000000083700000|100%| O|  |TAMS 0x0000000083700000, 0x0000000083600000| Untracked 
|  55|0x0000000083700000, 0x0000000083800000, 0x0000000083800000|100%| O|  |TAMS 0x0000000083800000, 0x0000000083700000| Untracked 
|  56|0x0000000083800000, 0x0000000083900000, 0x0000000083900000|100%| O|  |TAMS 0x0000000083900000, 0x0000000083800000| Untracked 
|  57|0x0000000083900000, 0x0000000083a00000, 0x0000000083a00000|100%| O|  |TAMS 0x0000000083a00000, 0x0000000083900000| Untracked 
|  58|0x0000000083a00000, 0x0000000083b00000, 0x0000000083b00000|100%|HS|  |TAMS 0x0000000083b00000, 0x0000000083a00000| Complete 
|  59|0x0000000083b00000, 0x0000000083c00000, 0x0000000083c00000|100%|HC|  |TAMS 0x0000000083c00000, 0x0000000083b00000| Complete 
|  60|0x0000000083c00000, 0x0000000083d00000, 0x0000000083d00000|100%| O|  |TAMS 0x0000000083d00000, 0x0000000083c00000| Untracked 
|  61|0x0000000083d00000, 0x0000000083e00000, 0x0000000083e00000|100%| O|  |TAMS 0x0000000083e00000, 0x0000000083d00000| Untracked 
|  62|0x0000000083e00000, 0x0000000083f00000, 0x0000000083f00000|100%|HS|  |TAMS 0x0000000083f00000, 0x0000000083e00000| Complete 
|  63|0x0000000083f00000, 0x0000000084000000, 0x0000000084000000|100%|HC|  |TAMS 0x0000000084000000, 0x0000000083f00000| Complete 
|  64|0x0000000084000000, 0x0000000084100000, 0x0000000084100000|100%|HC|  |TAMS 0x0000000084100000, 0x0000000084000000| Complete 
|  65|0x0000000084100000, 0x0000000084200000, 0x0000000084200000|100%|HC|  |TAMS 0x0000000084200000, 0x0000000084100000| Complete 
|  66|0x0000000084200000, 0x0000000084300000, 0x0000000084300000|100%|HC|  |TAMS 0x0000000084300000, 0x0000000084200000| Complete 
|  67|0x0000000084300000, 0x0000000084400000, 0x0000000084400000|100%|HC|  |TAMS 0x0000000084400000, 0x0000000084300000| Complete 
|  68|0x0000000084400000, 0x0000000084500000, 0x0000000084500000|100%|HC|  |TAMS 0x0000000084500000, 0x0000000084400000| Complete 
|  69|0x0000000084500000, 0x0000000084600000, 0x0000000084600000|100%|HC|  |TAMS 0x0000000084600000, 0x0000000084500000| Complete 
|  70|0x0000000084600000, 0x0000000084700000, 0x0000000084700000|100%|HC|  |TAMS 0x0000000084700000, 0x0000000084600000| Complete 
|  71|0x0000000084700000, 0x0000000084800000, 0x0000000084800000|100%|HC|  |TAMS 0x0000000084800000, 0x0000000084700000| Complete 
|  72|0x0000000084800000, 0x0000000084900000, 0x0000000084900000|100%|HS|  |TAMS 0x0000000084900000, 0x0000000084800000| Complete 
|  73|0x0000000084900000, 0x0000000084a00000, 0x0000000084a00000|100%|HC|  |TAMS 0x0000000084a00000, 0x0000000084900000| Complete 
|  74|0x0000000084a00000, 0x0000000084b00000, 0x0000000084b00000|100%|HS|  |TAMS 0x0000000084b00000, 0x0000000084a00000| Complete 
|  75|0x0000000084b00000, 0x0000000084c00000, 0x0000000084c00000|100%|HC|  |TAMS 0x0000000084c00000, 0x0000000084b00000| Complete 
|  76|0x0000000084c00000, 0x0000000084d00000, 0x0000000084d00000|100%|HC|  |TAMS 0x0000000084d00000, 0x0000000084c00000| Complete 
|  77|0x0000000084d00000, 0x0000000084e00000, 0x0000000084e00000|100%| O|  |TAMS 0x0000000084e00000, 0x0000000084d00000| Untracked 
|  78|0x0000000084e00000, 0x0000000084f00000, 0x0000000084f00000|100%|HS|  |TAMS 0x0000000084f00000, 0x0000000084e00000| Complete 
|  79|0x0000000084f00000, 0x0000000085000000, 0x0000000085000000|100%|HC|  |TAMS 0x0000000085000000, 0x0000000084f00000| Complete 
|  80|0x0000000085000000, 0x0000000085100000, 0x0000000085100000|100%|HC|  |TAMS 0x0000000085100000, 0x0000000085000000| Complete 
|  81|0x0000000085100000, 0x0000000085200000, 0x0000000085200000|100%| O|  |TAMS 0x0000000085200000, 0x0000000085100000| Untracked 
|  82|0x0000000085200000, 0x0000000085300000, 0x0000000085300000|100%| O|  |TAMS 0x0000000085300000, 0x0000000085200000| Untracked 
|  83|0x0000000085300000, 0x0000000085400000, 0x0000000085400000|100%| O|  |TAMS 0x0000000085400000, 0x0000000085300000| Untracked 
|  84|0x0000000085400000, 0x0000000085500000, 0x0000000085500000|100%| O|  |TAMS 0x0000000085500000, 0x0000000085400000| Untracked 
|  85|0x0000000085500000, 0x0000000085600000, 0x0000000085600000|100%| O|  |TAMS 0x0000000085600000, 0x0000000085500000| Untracked 
|  86|0x0000000085600000, 0x0000000085700000, 0x0000000085700000|100%| O|  |TAMS 0x0000000085700000, 0x0000000085600000| Untracked 
|  87|0x0000000085700000, 0x0000000085800000, 0x0000000085800000|100%|HS|  |TAMS 0x0000000085800000, 0x0000000085700000| Complete 
|  88|0x0000000085800000, 0x0000000085900000, 0x0000000085900000|100%|HC|  |TAMS 0x0000000085900000, 0x0000000085800000| Complete 
|  89|0x0000000085900000, 0x0000000085a00000, 0x0000000085a00000|100%|HC|  |TAMS 0x0000000085a00000, 0x0000000085900000| Complete 
|  90|0x0000000085a00000, 0x0000000085b00000, 0x0000000085b00000|100%|HC|  |TAMS 0x0000000085b00000, 0x0000000085a00000| Complete 
|  91|0x0000000085b00000, 0x0000000085c00000, 0x0000000085c00000|100%|HC|  |TAMS 0x0000000085c00000, 0x0000000085b00000| Complete 
|  92|0x0000000085c00000, 0x0000000085d00000, 0x0000000085d00000|100%|HC|  |TAMS 0x0000000085d00000, 0x0000000085c00000| Complete 
|  93|0x0000000085d00000, 0x0000000085e00000, 0x0000000085e00000|100%|HS|  |TAMS 0x0000000085e00000, 0x0000000085d00000| Complete 
|  94|0x0000000085e00000, 0x0000000085f00000, 0x0000000085f00000|100%| O|  |TAMS 0x0000000085f00000, 0x0000000085e00000| Untracked 
|  95|0x0000000085f00000, 0x0000000086000000, 0x0000000086000000|100%| O|  |TAMS 0x0000000086000000, 0x0000000085f00000| Untracked 
|  96|0x0000000086000000, 0x0000000086100000, 0x0000000086100000|100%| O|  |TAMS 0x0000000086100000, 0x0000000086000000| Untracked 
|  97|0x0000000086100000, 0x0000000086200000, 0x0000000086200000|100%|HS|  |TAMS 0x0000000086200000, 0x0000000086100000| Complete 
|  98|0x0000000086200000, 0x0000000086300000, 0x0000000086300000|100%|HS|  |TAMS 0x0000000086300000, 0x0000000086200000| Complete 
|  99|0x0000000086300000, 0x0000000086400000, 0x0000000086400000|100%|HS|  |TAMS 0x0000000086400000, 0x0000000086300000| Complete 
| 100|0x0000000086400000, 0x0000000086500000, 0x0000000086500000|100%|HC|  |TAMS 0x0000000086500000, 0x0000000086400000| Complete 
| 101|0x0000000086500000, 0x0000000086600000, 0x0000000086600000|100%| O|  |TAMS 0x0000000086600000, 0x0000000086500000| Untracked 
| 102|0x0000000086600000, 0x0000000086700000, 0x0000000086700000|100%| O|  |TAMS 0x0000000086700000, 0x0000000086600000| Untracked 
| 103|0x0000000086700000, 0x0000000086800000, 0x0000000086800000|100%| O|  |TAMS 0x0000000086800000, 0x0000000086700000| Untracked 
| 104|0x0000000086800000, 0x0000000086900000, 0x0000000086900000|100%| O|  |TAMS 0x0000000086900000, 0x0000000086800000| Untracked 
| 105|0x0000000086900000, 0x0000000086a00000, 0x0000000086a00000|100%| O|  |TAMS 0x0000000086a00000, 0x0000000086900000| Untracked 
| 106|0x0000000086a00000, 0x0000000086b00000, 0x0000000086b00000|100%| O|  |TAMS 0x0000000086b00000, 0x0000000086a00000| Untracked 
| 107|0x0000000086b00000, 0x0000000086c00000, 0x0000000086c00000|100%| O|  |TAMS 0x0000000086c00000, 0x0000000086b00000| Untracked 
| 108|0x0000000086c00000, 0x0000000086d00000, 0x0000000086d00000|100%| O|  |TAMS 0x0000000086d00000, 0x0000000086c00000| Untracked 
| 109|0x0000000086d00000, 0x0000000086e00000, 0x0000000086e00000|100%| O|  |TAMS 0x0000000086e00000, 0x0000000086d00000| Untracked 
| 110|0x0000000086e00000, 0x0000000086f00000, 0x0000000086f00000|100%| O|  |TAMS 0x0000000086f00000, 0x0000000086e00000| Untracked 
| 111|0x0000000086f00000, 0x0000000087000000, 0x0000000087000000|100%| O|  |TAMS 0x0000000087000000, 0x0000000086f00000| Untracked 
| 112|0x0000000087000000, 0x0000000087100000, 0x0000000087100000|100%| O|  |TAMS 0x0000000087100000, 0x0000000087000000| Untracked 
| 113|0x0000000087100000, 0x0000000087200000, 0x0000000087200000|100%| O|  |TAMS 0x0000000087200000, 0x0000000087100000| Untracked 
| 114|0x0000000087200000, 0x0000000087300000, 0x0000000087300000|100%| O|  |TAMS 0x0000000087300000, 0x0000000087200000| Untracked 
| 115|0x0000000087300000, 0x0000000087400000, 0x0000000087400000|100%|HS|  |TAMS 0x0000000087400000, 0x0000000087300000| Complete 
| 116|0x0000000087400000, 0x0000000087500000, 0x0000000087500000|100%|HC|  |TAMS 0x0000000087500000, 0x0000000087400000| Complete 
| 117|0x0000000087500000, 0x0000000087600000, 0x0000000087600000|100%| O|  |TAMS 0x0000000087600000, 0x0000000087500000| Untracked 
| 118|0x0000000087600000, 0x0000000087700000, 0x0000000087700000|100%| O|  |TAMS 0x0000000087700000, 0x0000000087600000| Untracked 
| 119|0x0000000087700000, 0x0000000087800000, 0x0000000087800000|100%| O|  |TAMS 0x0000000087800000, 0x0000000087700000| Untracked 
| 120|0x0000000087800000, 0x0000000087900000, 0x0000000087900000|100%| O|  |TAMS 0x0000000087900000, 0x0000000087800000| Untracked 
| 121|0x0000000087900000, 0x0000000087a00000, 0x0000000087a00000|100%|HS|  |TAMS 0x0000000087a00000, 0x0000000087900000| Complete 
| 122|0x0000000087a00000, 0x0000000087b00000, 0x0000000087b00000|100%|HC|  |TAMS 0x0000000087b00000, 0x0000000087a00000| Complete 
| 123|0x0000000087b00000, 0x0000000087c00000, 0x0000000087c00000|100%|HC|  |TAMS 0x0000000087c00000, 0x0000000087b00000| Complete 
| 124|0x0000000087c00000, 0x0000000087d00000, 0x0000000087d00000|100%|HS|  |TAMS 0x0000000087d00000, 0x0000000087c00000| Complete 
| 125|0x0000000087d00000, 0x0000000087e00000, 0x0000000087e00000|100%|HC|  |TAMS 0x0000000087e00000, 0x0000000087d00000| Complete 
| 126|0x0000000087e00000, 0x0000000087f00000, 0x0000000087f00000|100%|HC|  |TAMS 0x0000000087f00000, 0x0000000087e00000| Complete 
| 127|0x0000000087f00000, 0x0000000088000000, 0x0000000088000000|100%|HS|  |TAMS 0x0000000088000000, 0x0000000087f00000| Complete 
| 128|0x0000000088000000, 0x0000000088100000, 0x0000000088100000|100%|HC|  |TAMS 0x0000000088100000, 0x0000000088000000| Complete 
| 129|0x0000000088100000, 0x0000000088200000, 0x0000000088200000|100%|HS|  |TAMS 0x0000000088200000, 0x0000000088100000| Complete 
| 130|0x0000000088200000, 0x0000000088300000, 0x0000000088300000|100%|HC|  |TAMS 0x0000000088300000, 0x0000000088200000| Complete 
| 131|0x0000000088300000, 0x0000000088400000, 0x0000000088400000|100%|HC|  |TAMS 0x0000000088400000, 0x0000000088300000| Complete 
| 132|0x0000000088400000, 0x0000000088500000, 0x0000000088500000|100%|HC|  |TAMS 0x0000000088500000, 0x0000000088400000| Complete 
| 133|0x0000000088500000, 0x0000000088600000, 0x0000000088600000|100%|HC|  |TAMS 0x0000000088600000, 0x0000000088500000| Complete 
| 134|0x0000000088600000, 0x0000000088700000, 0x0000000088700000|100%|HC|  |TAMS 0x0000000088700000, 0x0000000088600000| Complete 
| 135|0x0000000088700000, 0x0000000088800000, 0x0000000088800000|100%|HC|  |TAMS 0x0000000088800000, 0x0000000088700000| Complete 
| 136|0x0000000088800000, 0x0000000088900000, 0x0000000088900000|100%|HC|  |TAMS 0x0000000088900000, 0x0000000088800000| Complete 
| 137|0x0000000088900000, 0x0000000088a00000, 0x0000000088a00000|100%|HC|  |TAMS 0x0000000088a00000, 0x0000000088900000| Complete 
| 138|0x0000000088a00000, 0x0000000088b00000, 0x0000000088b00000|100%|HC|  |TAMS 0x0000000088b00000, 0x0000000088a00000| Complete 
| 139|0x0000000088b00000, 0x0000000088c00000, 0x0000000088c00000|100%| O|  |TAMS 0x0000000088c00000, 0x0000000088b00000| Untracked 
| 140|0x0000000088c00000, 0x0000000088d00000, 0x0000000088d00000|100%| O|  |TAMS 0x0000000088d00000, 0x0000000088c00000| Untracked 
| 141|0x0000000088d00000, 0x0000000088e00000, 0x0000000088e00000|100%| O|  |TAMS 0x0000000088e00000, 0x0000000088d00000| Untracked 
| 142|0x0000000088e00000, 0x0000000088f00000, 0x0000000088f00000|100%|HS|  |TAMS 0x0000000088f00000, 0x0000000088e00000| Complete 
| 143|0x0000000088f00000, 0x0000000089000000, 0x0000000089000000|100%|HC|  |TAMS 0x0000000089000000, 0x0000000088f00000| Complete 
| 144|0x0000000089000000, 0x0000000089100000, 0x0000000089100000|100%|HS|  |TAMS 0x0000000089100000, 0x0000000089000000| Complete 
| 145|0x0000000089100000, 0x0000000089200000, 0x0000000089200000|100%|HC|  |TAMS 0x0000000089200000, 0x0000000089100000| Complete 
| 146|0x0000000089200000, 0x0000000089300000, 0x0000000089300000|100%|HC|  |TAMS 0x0000000089300000, 0x0000000089200000| Complete 
| 147|0x0000000089300000, 0x0000000089400000, 0x0000000089400000|100%|HC|  |TAMS 0x0000000089400000, 0x0000000089300000| Complete 
| 148|0x0000000089400000, 0x0000000089500000, 0x0000000089500000|100%|HC|  |TAMS 0x0000000089500000, 0x0000000089400000| Complete 
| 149|0x0000000089500000, 0x0000000089600000, 0x0000000089600000|100%| O|  |TAMS 0x0000000089600000, 0x0000000089500000| Untracked 
| 150|0x0000000089600000, 0x0000000089700000, 0x0000000089700000|100%| O|  |TAMS 0x0000000089700000, 0x0000000089600000| Untracked 
| 151|0x0000000089700000, 0x0000000089800000, 0x0000000089800000|100%| O|  |TAMS 0x0000000089800000, 0x0000000089700000| Untracked 
| 152|0x0000000089800000, 0x0000000089900000, 0x0000000089900000|100%| O|  |TAMS 0x0000000089900000, 0x0000000089800000| Untracked 
| 153|0x0000000089900000, 0x0000000089a00000, 0x0000000089a00000|100%| O|  |TAMS 0x0000000089a00000, 0x0000000089900000| Untracked 
| 154|0x0000000089a00000, 0x0000000089b00000, 0x0000000089b00000|100%| O|  |TAMS 0x0000000089b00000, 0x0000000089a00000| Untracked 
| 155|0x0000000089b00000, 0x0000000089c00000, 0x0000000089c00000|100%| O|  |TAMS 0x0000000089c00000, 0x0000000089b00000| Untracked 
| 156|0x0000000089c00000, 0x0000000089d00000, 0x0000000089d00000|100%| O|  |TAMS 0x0000000089d00000, 0x0000000089c00000| Untracked 
| 157|0x0000000089d00000, 0x0000000089e00000, 0x0000000089e00000|100%| O|  |TAMS 0x0000000089e00000, 0x0000000089d00000| Untracked 
| 158|0x0000000089e00000, 0x0000000089f00000, 0x0000000089f00000|100%| O|  |TAMS 0x0000000089f00000, 0x0000000089e00000| Untracked 
| 159|0x0000000089f00000, 0x000000008a000000, 0x000000008a000000|100%| O|  |TAMS 0x000000008a000000, 0x0000000089f00000| Untracked 
| 160|0x000000008a000000, 0x000000008a100000, 0x000000008a100000|100%| O|  |TAMS 0x000000008a100000, 0x000000008a000000| Untracked 
| 161|0x000000008a100000, 0x000000008a200000, 0x000000008a200000|100%| O|  |TAMS 0x000000008a200000, 0x000000008a100000| Untracked 
| 162|0x000000008a200000, 0x000000008a300000, 0x000000008a300000|100%| O|  |TAMS 0x000000008a300000, 0x000000008a200000| Untracked 
| 163|0x000000008a300000, 0x000000008a400000, 0x000000008a400000|100%| O|  |TAMS 0x000000008a400000, 0x000000008a300000| Untracked 
| 164|0x000000008a400000, 0x000000008a500000, 0x000000008a500000|100%| O|  |TAMS 0x000000008a500000, 0x000000008a400000| Untracked 
| 165|0x000000008a500000, 0x000000008a600000, 0x000000008a600000|100%| O|  |TAMS 0x000000008a600000, 0x000000008a500000| Untracked 
| 166|0x000000008a600000, 0x000000008a700000, 0x000000008a700000|100%| O|  |TAMS 0x000000008a700000, 0x000000008a600000| Untracked 
| 167|0x000000008a700000, 0x000000008a800000, 0x000000008a800000|100%| O|  |TAMS 0x000000008a800000, 0x000000008a700000| Untracked 
| 168|0x000000008a800000, 0x000000008a900000, 0x000000008a900000|100%| O|  |TAMS 0x000000008a900000, 0x000000008a800000| Untracked 
| 169|0x000000008a900000, 0x000000008aa00000, 0x000000008aa00000|100%| O|  |TAMS 0x000000008aa00000, 0x000000008a900000| Untracked 
| 170|0x000000008aa00000, 0x000000008ab00000, 0x000000008ab00000|100%| O|  |TAMS 0x000000008ab00000, 0x000000008aa00000| Untracked 
| 171|0x000000008ab00000, 0x000000008ac00000, 0x000000008ac00000|100%| O|  |TAMS 0x000000008ac00000, 0x000000008ab00000| Untracked 
| 172|0x000000008ac00000, 0x000000008ad00000, 0x000000008ad00000|100%| O|  |TAMS 0x000000008ad00000, 0x000000008ac00000| Untracked 
| 173|0x000000008ad00000, 0x000000008ad72600, 0x000000008ae00000| 44%| O|  |TAMS 0x000000008ad72600, 0x000000008ad00000| Untracked 
| 174|0x000000008ae00000, 0x000000008ae00000, 0x000000008af00000|  0%| F|  |TAMS 0x000000008ae00000, 0x000000008ae00000| Untracked 
| 175|0x000000008af00000, 0x000000008af00000, 0x000000008b000000|  0%| F|  |TAMS 0x000000008af00000, 0x000000008af00000| Untracked 
| 176|0x000000008b000000, 0x000000008b000000, 0x000000008b100000|  0%| F|  |TAMS 0x000000008b000000, 0x000000008b000000| Untracked 
| 177|0x000000008b100000, 0x000000008b100000, 0x000000008b200000|  0%| F|  |TAMS 0x000000008b100000, 0x000000008b100000| Untracked 
| 178|0x000000008b200000, 0x000000008b200000, 0x000000008b300000|  0%| F|  |TAMS 0x000000008b200000, 0x000000008b200000| Untracked 
| 179|0x000000008b300000, 0x000000008b300000, 0x000000008b400000|  0%| F|  |TAMS 0x000000008b300000, 0x000000008b300000| Untracked 
| 180|0x000000008b400000, 0x000000008b400000, 0x000000008b500000|  0%| F|  |TAMS 0x000000008b400000, 0x000000008b400000| Untracked 
| 181|0x000000008b500000, 0x000000008b500000, 0x000000008b600000|  0%| F|  |TAMS 0x000000008b500000, 0x000000008b500000| Untracked 
| 182|0x000000008b600000, 0x000000008b600000, 0x000000008b700000|  0%| F|  |TAMS 0x000000008b600000, 0x000000008b600000| Untracked 
| 183|0x000000008b700000, 0x000000008b700000, 0x000000008b800000|  0%| F|  |TAMS 0x000000008b700000, 0x000000008b700000| Untracked 
| 184|0x000000008b800000, 0x000000008b800000, 0x000000008b900000|  0%| F|  |TAMS 0x000000008b800000, 0x000000008b800000| Untracked 
| 185|0x000000008b900000, 0x000000008b900000, 0x000000008ba00000|  0%| F|  |TAMS 0x000000008b900000, 0x000000008b900000| Untracked 
| 186|0x000000008ba00000, 0x000000008ba00000, 0x000000008bb00000|  0%| F|  |TAMS 0x000000008ba00000, 0x000000008ba00000| Untracked 
| 187|0x000000008bb00000, 0x000000008bb00000, 0x000000008bc00000|  0%| F|  |TAMS 0x000000008bb00000, 0x000000008bb00000| Untracked 
| 188|0x000000008bc00000, 0x000000008bc00000, 0x000000008bd00000|  0%| F|  |TAMS 0x000000008bc00000, 0x000000008bc00000| Untracked 
| 189|0x000000008bd00000, 0x000000008bd00000, 0x000000008be00000|  0%| F|  |TAMS 0x000000008bd00000, 0x000000008bd00000| Untracked 
| 190|0x000000008be00000, 0x000000008be00000, 0x000000008bf00000|  0%| F|  |TAMS 0x000000008be00000, 0x000000008be00000| Untracked 
| 191|0x000000008bf00000, 0x000000008bf00000, 0x000000008c000000|  0%| F|  |TAMS 0x000000008bf00000, 0x000000008bf00000| Untracked 
| 192|0x000000008c000000, 0x000000008c000000, 0x000000008c100000|  0%| F|  |TAMS 0x000000008c000000, 0x000000008c000000| Untracked 
| 193|0x000000008c100000, 0x000000008c100000, 0x000000008c200000|  0%| F|  |TAMS 0x000000008c100000, 0x000000008c100000| Untracked 
| 194|0x000000008c200000, 0x000000008c200000, 0x000000008c300000|  0%| F|  |TAMS 0x000000008c200000, 0x000000008c200000| Untracked 
| 195|0x000000008c300000, 0x000000008c300000, 0x000000008c400000|  0%| F|  |TAMS 0x000000008c300000, 0x000000008c300000| Untracked 
| 196|0x000000008c400000, 0x000000008c400000, 0x000000008c500000|  0%| F|  |TAMS 0x000000008c400000, 0x000000008c400000| Untracked 
| 197|0x000000008c500000, 0x000000008c500000, 0x000000008c600000|  0%| F|  |TAMS 0x000000008c500000, 0x000000008c500000| Untracked 
| 198|0x000000008c600000, 0x000000008c600000, 0x000000008c700000|  0%| F|  |TAMS 0x000000008c600000, 0x000000008c600000| Untracked 
| 199|0x000000008c700000, 0x000000008c700000, 0x000000008c800000|  0%| F|  |TAMS 0x000000008c700000, 0x000000008c700000| Untracked 
| 200|0x000000008c800000, 0x000000008c800000, 0x000000008c900000|  0%| F|  |TAMS 0x000000008c800000, 0x000000008c800000| Untracked 
| 201|0x000000008c900000, 0x000000008c900000, 0x000000008ca00000|  0%| F|  |TAMS 0x000000008c900000, 0x000000008c900000| Untracked 
| 202|0x000000008ca00000, 0x000000008ca00000, 0x000000008cb00000|  0%| F|  |TAMS 0x000000008ca00000, 0x000000008ca00000| Untracked 
| 203|0x000000008cb00000, 0x000000008cb00000, 0x000000008cc00000|  0%| F|  |TAMS 0x000000008cb00000, 0x000000008cb00000| Untracked 
| 204|0x000000008cc00000, 0x000000008cc00000, 0x000000008cd00000|  0%| F|  |TAMS 0x000000008cc00000, 0x000000008cc00000| Untracked 
| 205|0x000000008cd00000, 0x000000008cd00000, 0x000000008ce00000|  0%| F|  |TAMS 0x000000008cd00000, 0x000000008cd00000| Untracked 
| 206|0x000000008ce00000, 0x000000008ce00000, 0x000000008cf00000|  0%| F|  |TAMS 0x000000008ce00000, 0x000000008ce00000| Untracked 
| 207|0x000000008cf00000, 0x000000008cf00000, 0x000000008d000000|  0%| F|  |TAMS 0x000000008cf00000, 0x000000008cf00000| Untracked 
| 208|0x000000008d000000, 0x000000008d0a3430, 0x000000008d100000| 63%| S|CS|TAMS 0x000000008d000000, 0x000000008d000000| Complete 
| 209|0x000000008d100000, 0x000000008d200000, 0x000000008d200000|100%| S|CS|TAMS 0x000000008d100000, 0x000000008d100000| Complete 
| 210|0x000000008d200000, 0x000000008d300000, 0x000000008d300000|100%| S|CS|TAMS 0x000000008d200000, 0x000000008d200000| Complete 
| 211|0x000000008d300000, 0x000000008d400000, 0x000000008d400000|100%| S|CS|TAMS 0x000000008d300000, 0x000000008d300000| Complete 
| 212|0x000000008d400000, 0x000000008d500000, 0x000000008d500000|100%| S|CS|TAMS 0x000000008d400000, 0x000000008d400000| Complete 
| 213|0x000000008d500000, 0x000000008d500000, 0x000000008d600000|  0%| F|  |TAMS 0x000000008d500000, 0x000000008d500000| Untracked 
| 214|0x000000008d600000, 0x000000008d700000, 0x000000008d700000|100%| S|CS|TAMS 0x000000008d600000, 0x000000008d600000| Complete 
| 215|0x000000008d700000, 0x000000008d700000, 0x000000008d800000|  0%| F|  |TAMS 0x000000008d700000, 0x000000008d700000| Untracked 
| 216|0x000000008d800000, 0x000000008d800000, 0x000000008d900000|  0%| F|  |TAMS 0x000000008d800000, 0x000000008d800000| Untracked 
| 217|0x000000008d900000, 0x000000008d900000, 0x000000008da00000|  0%| F|  |TAMS 0x000000008d900000, 0x000000008d900000| Untracked 
| 218|0x000000008da00000, 0x000000008da00000, 0x000000008db00000|  0%| F|  |TAMS 0x000000008da00000, 0x000000008da00000| Untracked 
| 219|0x000000008db00000, 0x000000008db00000, 0x000000008dc00000|  0%| F|  |TAMS 0x000000008db00000, 0x000000008db00000| Untracked 
| 220|0x000000008dc00000, 0x000000008dc00000, 0x000000008dd00000|  0%| F|  |TAMS 0x000000008dc00000, 0x000000008dc00000| Untracked 
| 221|0x000000008dd00000, 0x000000008dd00000, 0x000000008de00000|  0%| F|  |TAMS 0x000000008dd00000, 0x000000008dd00000| Untracked 
| 222|0x000000008de00000, 0x000000008de00000, 0x000000008df00000|  0%| F|  |TAMS 0x000000008de00000, 0x000000008de00000| Untracked 
| 223|0x000000008df00000, 0x000000008df00000, 0x000000008e000000|  0%| F|  |TAMS 0x000000008df00000, 0x000000008df00000| Untracked 
| 224|0x000000008e000000, 0x000000008e000000, 0x000000008e100000|  0%| F|  |TAMS 0x000000008e000000, 0x000000008e000000| Untracked 
| 225|0x000000008e100000, 0x000000008e100000, 0x000000008e200000|  0%| F|  |TAMS 0x000000008e100000, 0x000000008e100000| Untracked 
| 226|0x000000008e200000, 0x000000008e200000, 0x000000008e300000|  0%| F|  |TAMS 0x000000008e200000, 0x000000008e200000| Untracked 
| 227|0x000000008e300000, 0x000000008e300000, 0x000000008e400000|  0%| F|  |TAMS 0x000000008e300000, 0x000000008e300000| Untracked 
| 228|0x000000008e400000, 0x000000008e400000, 0x000000008e500000|  0%| F|  |TAMS 0x000000008e400000, 0x000000008e400000| Untracked 
| 229|0x000000008e500000, 0x000000008e500000, 0x000000008e600000|  0%| F|  |TAMS 0x000000008e500000, 0x000000008e500000| Untracked 
| 230|0x000000008e600000, 0x000000008e600000, 0x000000008e700000|  0%| F|  |TAMS 0x000000008e600000, 0x000000008e600000| Untracked 
| 231|0x000000008e700000, 0x000000008e700000, 0x000000008e800000|  0%| F|  |TAMS 0x000000008e700000, 0x000000008e700000| Untracked 
| 232|0x000000008e800000, 0x000000008e800000, 0x000000008e900000|  0%| F|  |TAMS 0x000000008e800000, 0x000000008e800000| Untracked 
| 233|0x000000008e900000, 0x000000008e900000, 0x000000008ea00000|  0%| F|  |TAMS 0x000000008e900000, 0x000000008e900000| Untracked 
| 234|0x000000008ea00000, 0x000000008ea00000, 0x000000008eb00000|  0%| F|  |TAMS 0x000000008ea00000, 0x000000008ea00000| Untracked 
| 235|0x000000008eb00000, 0x000000008eb00000, 0x000000008ec00000|  0%| F|  |TAMS 0x000000008eb00000, 0x000000008eb00000| Untracked 
| 236|0x000000008ec00000, 0x000000008ec00000, 0x000000008ed00000|  0%| F|  |TAMS 0x000000008ec00000, 0x000000008ec00000| Untracked 
| 237|0x000000008ed00000, 0x000000008ed00000, 0x000000008ee00000|  0%| F|  |TAMS 0x000000008ed00000, 0x000000008ed00000| Untracked 
| 238|0x000000008ee00000, 0x000000008ee00000, 0x000000008ef00000|  0%| F|  |TAMS 0x000000008ee00000, 0x000000008ee00000| Untracked 
| 239|0x000000008ef00000, 0x000000008ef00000, 0x000000008f000000|  0%| F|  |TAMS 0x000000008ef00000, 0x000000008ef00000| Untracked 
| 240|0x000000008f000000, 0x000000008f000000, 0x000000008f100000|  0%| F|  |TAMS 0x000000008f000000, 0x000000008f000000| Untracked 
| 241|0x000000008f100000, 0x000000008f100000, 0x000000008f200000|  0%| F|  |TAMS 0x000000008f100000, 0x000000008f100000| Untracked 
| 242|0x000000008f200000, 0x000000008f200000, 0x000000008f300000|  0%| F|  |TAMS 0x000000008f200000, 0x000000008f200000| Untracked 
| 243|0x000000008f300000, 0x000000008f300000, 0x000000008f400000|  0%| F|  |TAMS 0x000000008f300000, 0x000000008f300000| Untracked 
| 244|0x000000008f400000, 0x000000008f400000, 0x000000008f500000|  0%| F|  |TAMS 0x000000008f400000, 0x000000008f400000| Untracked 
| 245|0x000000008f500000, 0x000000008f500000, 0x000000008f600000|  0%| F|  |TAMS 0x000000008f500000, 0x000000008f500000| Untracked 
| 246|0x000000008f600000, 0x000000008f600000, 0x000000008f700000|  0%| F|  |TAMS 0x000000008f600000, 0x000000008f600000| Untracked 
| 247|0x000000008f700000, 0x000000008f700000, 0x000000008f800000|  0%| F|  |TAMS 0x000000008f700000, 0x000000008f700000| Untracked 
| 248|0x000000008f800000, 0x000000008f800000, 0x000000008f900000|  0%| F|  |TAMS 0x000000008f800000, 0x000000008f800000| Untracked 
| 249|0x000000008f900000, 0x000000008f9e4df8, 0x000000008fa00000| 89%| E|  |TAMS 0x000000008f900000, 0x000000008f900000| Complete 
| 250|0x000000008fa00000, 0x000000008fb00000, 0x000000008fb00000|100%| E|CS|TAMS 0x000000008fa00000, 0x000000008fa00000| Complete 
| 251|0x000000008fb00000, 0x000000008fc00000, 0x000000008fc00000|100%| E|CS|TAMS 0x000000008fb00000, 0x000000008fb00000| Complete 
| 252|0x000000008fc00000, 0x000000008fd00000, 0x000000008fd00000|100%| E|CS|TAMS 0x000000008fc00000, 0x000000008fc00000| Complete 
| 253|0x000000008fd00000, 0x000000008fe00000, 0x000000008fe00000|100%| E|CS|TAMS 0x000000008fd00000, 0x000000008fd00000| Complete 
| 254|0x000000008fe00000, 0x000000008ff00000, 0x000000008ff00000|100%| E|CS|TAMS 0x000000008fe00000, 0x000000008fe00000| Complete 
| 255|0x000000008ff00000, 0x0000000090000000, 0x0000000090000000|100%| E|CS|TAMS 0x000000008ff00000, 0x000000008ff00000| Complete 
| 256|0x0000000090000000, 0x0000000090100000, 0x0000000090100000|100%| E|CS|TAMS 0x0000000090000000, 0x0000000090000000| Complete 
| 257|0x0000000090100000, 0x0000000090200000, 0x0000000090200000|100%| E|CS|TAMS 0x0000000090100000, 0x0000000090100000| Complete 
| 258|0x0000000090200000, 0x0000000090300000, 0x0000000090300000|100%| E|CS|TAMS 0x0000000090200000, 0x0000000090200000| Complete 
| 259|0x0000000090300000, 0x0000000090400000, 0x0000000090400000|100%| E|CS|TAMS 0x0000000090300000, 0x0000000090300000| Complete 
| 260|0x0000000090400000, 0x0000000090500000, 0x0000000090500000|100%| E|CS|TAMS 0x0000000090400000, 0x0000000090400000| Complete 
| 261|0x0000000090500000, 0x0000000090600000, 0x0000000090600000|100%| E|CS|TAMS 0x0000000090500000, 0x0000000090500000| Complete 
| 262|0x0000000090600000, 0x0000000090700000, 0x0000000090700000|100%| E|CS|TAMS 0x0000000090600000, 0x0000000090600000| Complete 
| 263|0x0000000090700000, 0x0000000090800000, 0x0000000090800000|100%| E|CS|TAMS 0x0000000090700000, 0x0000000090700000| Complete 

Card table byte_map: [0x0000020ab8bc0000,0x0000020ab8fc0000] _byte_map_base: 0x0000020ab87c0000

Marking Bits (Prev, Next): (CMBitMap*) 0x0000020a9fcec2b8, (CMBitMap*) 0x0000020a9fcec2f0
 Prev Bits: [0x0000020ab93c0000, 0x0000020abb3c0000)
 Next Bits: [0x0000020abb3c0000, 0x0000020abd3c0000)

Polling page: 0x0000020aa1540000

Metaspace:

Usage:
  Non-class:     85.25 MB capacity,    83.45 MB ( 98%) used,     1.52 MB (  2%) free+waste,   290.75 KB ( <1%) overhead. 
      Class:     13.49 MB capacity,    12.44 MB ( 92%) used,   948.68 KB (  7%) free+waste,   135.00 KB ( <1%) overhead. 
       Both:     98.74 MB capacity,    95.88 MB ( 97%) used,     2.44 MB (  2%) free+waste,   425.75 KB ( <1%) overhead. 

Virtual space:
  Non-class space:       86.00 MB reserved,      85.25 MB (>99%) committed 
      Class space:        1.00 GB reserved,      13.50 MB (  1%) committed 
             Both:        1.08 GB reserved,      98.75 MB (  9%) committed 

Chunk freelists:
   Non-Class:  0 bytes
       Class:  768 bytes
        Both:  768 bytes

CodeHeap 'non-profiled nmethods': size=120000Kb used=6391Kb max_used=6443Kb free=113608Kb
 bounds [0x0000020ab0600000, 0x0000020ab0c50000, 0x0000020ab7b30000]
CodeHeap 'profiled nmethods': size=120000Kb used=25758Kb max_used=25758Kb free=94241Kb
 bounds [0x0000020aa90d0000, 0x0000020aaaa00000, 0x0000020ab0600000]
CodeHeap 'non-nmethods': size=5760Kb used=2324Kb max_used=2377Kb free=3435Kb
 bounds [0x0000020aa8b30000, 0x0000020aa8da0000, 0x0000020aa90d0000]
 total_blobs=13144 nmethods=12213 adapters=841
 compilation: enabled
              stopped_count=0, restarted_count=0
 full_count=0

Compilation events (10 events):
Event: 259.187 Thread 0x0000020ac00ca800 nmethod 12396 0x0000020aaa9f3c90 code [0x0000020aaa9f3e80, 0x0000020aaa9f4338]
Event: 259.187 Thread 0x0000020ac00ca800 12392       3       org.gradle.api.internal.artifacts.ivyservice.resolveengine.graph.builder.ResolveState::lambda$resolveVersionConstraint$3 (13 bytes)
Event: 259.189 Thread 0x0000020ac00ca800 nmethod 12392 0x0000020aaa9f4510 code [0x0000020aaa9f4700, 0x0000020aaa9f4c28]
Event: 259.189 Thread 0x0000020ac00ca800 12393       3       org.gradle.api.internal.artifacts.dependencies.DefaultResolvedVersionConstraint::<init> (30 bytes)
Event: 259.191 Thread 0x0000020ac00ca800 nmethod 12393 0x0000020aaa9f4e10 code [0x0000020aaa9f5000, 0x0000020aaa9f5448]
Event: 259.191 Thread 0x0000020ac00ca800 12394       3       org.gradle.api.internal.artifacts.dependencies.DefaultResolvedVersionConstraint::<init> (171 bytes)
Event: 259.203 Thread 0x0000020ac00ca800 nmethod 12394 0x0000020aaa9f5590 code [0x0000020aaa9f58c0, 0x0000020aaa9f6d28]
Event: 259.203 Thread 0x0000020ac00ca800 12395       3       org.gradle.api.internal.artifacts.dependencies.DefaultResolvedVersionConstraint::doComputeIsDynamic (36 bytes)
Event: 259.204 Thread 0x0000020ac00ca800 nmethod 12395 0x0000020aaa9f7390 code [0x0000020aaa9f7540, 0x0000020aaa9f7858]
Event: 259.208 Thread 0x0000020ac00c1800 12397       4       org.gradle.api.internal.artifacts.ivyservice.modulecache.StringDeduplicatingDecoder::readBoolean (10 bytes)

GC Heap History (10 events):
Event: 21.488 GC heap before
{Heap before GC invocations=82 (full 0):
 garbage-first heap   total 270336K, used 217517K [0x0000000080000000, 0x0000000100000000)
  region size 1024K, 56 young (57344K), 6 survivors (6144K)
 Metaspace       used 92688K, capacity 95179K, committed 95232K, reserved 1132544K
  class space    used 12136K, capacity 13028K, committed 13056K, reserved 1048576K
}
Event: 21.498 GC heap after
{Heap after GC invocations=83 (full 0):
 garbage-first heap   total 270336K, used 170657K [0x0000000080000000, 0x0000000100000000)
  region size 1024K, 6 young (6144K), 6 survivors (6144K)
 Metaspace       used 92688K, capacity 95179K, committed 95232K, reserved 1132544K
  class space    used 12136K, capacity 13028K, committed 13056K, reserved 1048576K
}
Event: 22.046 GC heap before
{Heap before GC invocations=84 (full 0):
 garbage-first heap   total 270336K, used 220833K [0x0000000080000000, 0x0000000100000000)
  region size 1024K, 56 young (57344K), 6 survivors (6144K)
 Metaspace       used 93579K, capacity 96052K, committed 96384K, reserved 1132544K
  class space    used 12181K, capacity 13066K, committed 13184K, reserved 1048576K
}
Event: 22.052 GC heap after
{Heap after GC invocations=85 (full 0):
 garbage-first heap   total 270336K, used 173975K [0x0000000080000000, 0x0000000100000000)
  region size 1024K, 7 young (7168K), 7 survivors (7168K)
 Metaspace       used 93579K, capacity 96052K, committed 96384K, reserved 1132544K
  class space    used 12181K, capacity 13066K, committed 13184K, reserved 1048576K
}
Event: 22.605 GC heap before
{Heap before GC invocations=85 (full 0):
 garbage-first heap   total 270336K, used 223127K [0x0000000080000000, 0x0000000100000000)
  region size 1024K, 56 young (57344K), 7 survivors (7168K)
 Metaspace       used 94833K, capacity 97354K, committed 97536K, reserved 1134592K
  class space    used 12350K, capacity 13281K, committed 13312K, reserved 1048576K
}
Event: 22.611 GC heap after
{Heap after GC invocations=86 (full 0):
 garbage-first heap   total 270336K, used 177549K [0x0000000080000000, 0x0000000100000000)
  region size 1024K, 7 young (7168K), 7 survivors (7168K)
 Metaspace       used 94833K, capacity 97354K, committed 97536K, reserved 1134592K
  class space    used 12350K, capacity 13281K, committed 13312K, reserved 1048576K
}
Event: 22.879 GC heap before
{Heap before GC invocations=87 (full 0):
 garbage-first heap   total 270336K, used 226701K [0x0000000080000000, 0x0000000100000000)
  region size 1024K, 55 young (56320K), 7 survivors (7168K)
 Metaspace       used 96478K, capacity 99107K, committed 99328K, reserved 1134592K
  class space    used 12554K, capacity 13534K, committed 13568K, reserved 1048576K
}
Event: 22.884 GC heap after
{Heap after GC invocations=88 (full 0):
 garbage-first heap   total 270336K, used 179506K [0x0000000080000000, 0x0000000100000000)
  region size 1024K, 2 young (2048K), 2 survivors (2048K)
 Metaspace       used 96478K, capacity 99107K, committed 99328K, reserved 1134592K
  class space    used 12554K, capacity 13534K, committed 13568K, reserved 1048576K
}
Event: 205.965 GC heap before
{Heap before GC invocations=88 (full 0):
 garbage-first heap   total 270336K, used 227634K [0x0000000080000000, 0x0000000100000000)
  region size 1024K, 50 young (51200K), 2 survivors (2048K)
 Metaspace       used 97772K, capacity 100643K, committed 100864K, reserved 1136640K
  class space    used 12696K, capacity 13766K, committed 13824K, reserved 1048576K
}
Event: 206.229 GC heap after
{Heap after GC invocations=89 (full 0):
 garbage-first heap   total 270336K, used 183382K [0x0000000080000000, 0x0000000100000000)
  region size 1024K, 6 young (6144K), 6 survivors (6144K)
 Metaspace       used 97772K, capacity 100643K, committed 100864K, reserved 1136640K
  class space    used 12696K, capacity 13766K, committed 13824K, reserved 1048576K
}

Deoptimization events (10 events):
Event: 207.161 Thread 0x0000020ac6072800 Uncommon trap: reason=array_check action=maybe_recompile pc=0x0000020ab0bdbaf4 method=java.util.ComparableTimSort.binarySort([Ljava/lang/Object;III)V @ 215 c2
Event: 207.171 Thread 0x0000020ac6072800 Uncommon trap: reason=array_check action=maybe_recompile pc=0x0000020ab0bdbc00 method=java.util.ComparableTimSort.binarySort([Ljava/lang/Object;III)V @ 193 c2
Event: 207.172 Thread 0x0000020ac6072800 Uncommon trap: reason=array_check action=maybe_recompile pc=0x0000020ab0bdbcc8 method=java.util.ComparableTimSort.binarySort([Ljava/lang/Object;III)V @ 183 c2
Event: 255.014 Thread 0x0000020ac6072800 Uncommon trap: reason=predicate action=maybe_recompile pc=0x0000020ab0c18768 method=java.util.AbstractCollection.toArray([Ljava/lang/Object;)[Ljava/lang/Object; @ 43 c2
Event: 255.869 Thread 0x0000020ac6072800 Uncommon trap: reason=null_check action=make_not_entrant pc=0x0000020ab0c1b1e0 method=org.gradle.tooling.internal.provider.runner.ClientBuildEventGenerator$Enabled.accept(Lorg/gradle/internal/operations/BuildOperationDescriptor;)Lorg/gradle/tooling/intern
Event: 255.873 Thread 0x0000020ac6072800 Uncommon trap: reason=null_check action=make_not_entrant pc=0x0000020ab0c1a37c method=org.gradle.tooling.internal.provider.runner.ClientBuildEventGenerator$Disabled.accept(Lorg/gradle/internal/operations/BuildOperationDescriptor;)Lorg/gradle/tooling/inter
Event: 258.740 Thread 0x0000020ac6072800 Uncommon trap: reason=array_check action=maybe_recompile pc=0x0000020ab0c477c4 method=java.util.AbstractCollection.toArray([Ljava/lang/Object;)[Ljava/lang/Object; @ 116 c2
Event: 258.848 Thread 0x0000020ac6072800 Uncommon trap: reason=array_check action=maybe_recompile pc=0x0000020ab0c477c4 method=java.util.AbstractCollection.toArray([Ljava/lang/Object;)[Ljava/lang/Object; @ 116 c2
Event: 258.848 Thread 0x0000020ac6072800 Uncommon trap: reason=array_check action=maybe_recompile pc=0x0000020ab0c477c4 method=java.util.AbstractCollection.toArray([Ljava/lang/Object;)[Ljava/lang/Object; @ 116 c2
Event: 258.850 Thread 0x0000020ac6072800 Uncommon trap: reason=array_check action=maybe_recompile pc=0x0000020ab0c477c4 method=java.util.AbstractCollection.toArray([Ljava/lang/Object;)[Ljava/lang/Object; @ 116 c2

Classes redefined (0 events):
No events

Internal exceptions (10 events):
Event: 205.732 Thread 0x0000020ac6072800 Exception <a 'java/lang/ClassNotFoundException'{0x000000008db05f30}: build_6zf7zgt0imoyjzh5te5jozs2aCustomizer> (0x000000008db05f30) thrown at [./open/src/hotspot/share/classfile/systemDictionary.cpp, line 226]
Event: 205.775 Thread 0x0000020ac6072800 Exception <a 'java/lang/ClassNotFoundException'{0x000000008db8df10}: build_6zf7zgt0imoyjzh5te5jozs2a$_run_closure1$_closure4BeanInfo> (0x000000008db8df10) thrown at [./open/src/hotspot/share/classfile/systemDictionary.cpp, line 226]
Event: 205.776 Thread 0x0000020ac6072800 Exception <a 'java/lang/ClassNotFoundException'{0x000000008dba0838}: build_6zf7zgt0imoyjzh5te5jozs2a$_run_closure1$_closure4Customizer> (0x000000008dba0838) thrown at [./open/src/hotspot/share/classfile/systemDictionary.cpp, line 226]
Event: 205.782 Thread 0x0000020ac6072800 Exception <a 'java/lang/ClassNotFoundException'{0x000000008dbcc230}: build_6zf7zgt0imoyjzh5te5jozs2a$_run_closure1BeanInfo> (0x000000008dbcc230) thrown at [./open/src/hotspot/share/classfile/systemDictionary.cpp, line 226]
Event: 205.783 Thread 0x0000020ac6072800 Exception <a 'java/lang/ClassNotFoundException'{0x000000008dbde118}: build_6zf7zgt0imoyjzh5te5jozs2a$_run_closure1Customizer> (0x000000008dbde118) thrown at [./open/src/hotspot/share/classfile/systemDictionary.cpp, line 226]
Event: 206.252 Thread 0x0000020ac6072800 Implicit null exception at 0x0000020ab0ae0bd4 to 0x0000020ab0ae1050
Event: 206.274 Thread 0x0000020ac6072800 Exception <a 'java/lang/NoClassDefFoundError'{0x0000000090769b00}: org/jetbrains/kotlin/gradle/plugin/KotlinBasePluginWrapper> (0x0000000090769b00) thrown at [./open/src/hotspot/share/oops/constantPool.cpp, line 770]
Event: 207.017 Thread 0x0000020ac6072800 Exception <a 'sun/nio/fs/WindowsException'{0x000000009020bcb8}> (0x000000009020bcb8) thrown at [./open/src/hotspot/share/prims/jni.cpp, line 611]
Event: 255.869 Thread 0x0000020ac6072800 Implicit null exception at 0x0000020ab0c1b024 to 0x0000020ab0c1b1d4
Event: 255.873 Thread 0x0000020ac6072800 Implicit null exception at 0x0000020ab0c1a2db to 0x0000020ab0c1a370

Events (10 events):
Event: 258.848 Thread 0x0000020ac6072800 DEOPT PACKING pc=0x0000020ab0c477c4 sp=0x00000098003f9b70
Event: 258.849 Thread 0x0000020ac6072800 DEOPT UNPACKING pc=0x0000020aa8b5662f sp=0x00000098003f9b10 mode 2
Event: 258.850 Thread 0x0000020ac6072800 Uncommon trap: trap_request=0xffffffd6 fr.pc=0x0000020ab0c477c4 relative=0x0000000000000384
Event: 258.850 Thread 0x0000020ac6072800 DEOPT PACKING pc=0x0000020ab0c477c4 sp=0x00000098003f9c60
Event: 258.850 Thread 0x0000020ac6072800 DEOPT UNPACKING pc=0x0000020aa8b5662f sp=0x00000098003f9c00 mode 2
Event: 258.899 Thread 0x0000020ac623a800 Thread added: 0x0000020ac623a800
Event: 259.123 Executing VM operation: HandshakeAllThreads
Event: 259.135 Executing VM operation: HandshakeAllThreads done
Event: 259.187 Thread 0x0000020ac00d6000 flushing nmethod 0x0000020ab066cd90
Event: 259.189 Thread 0x0000020ac00d6000 flushing nmethod 0x0000020ab0671210


Dynamic libraries:
0x00007ff6eb6f0000 - 0x00007ff6eb6ff000 	C:\Program Files\Java\jdk-11.0.16\bin\java.exe
0x00007ffe94080000 - 0x00007ffe94289000 	C:\Windows\SYSTEM32\ntdll.dll
0x00007ffe93080000 - 0x00007ffe9313e000 	C:\Windows\System32\KERNEL32.DLL
0x00007ffe91780000 - 0x00007ffe91afb000 	C:\Windows\System32\KERNELBASE.dll
0x00007ffe91b00000 - 0x00007ffe91c11000 	C:\Windows\System32\ucrtbase.dll
0x00007ffe65b10000 - 0x00007ffe65b25000 	C:\Program Files\Java\jdk-11.0.16\bin\VCRUNTIME140.dll
0x00007ffe68d00000 - 0x00007ffe68d18000 	C:\Program Files\Java\jdk-11.0.16\bin\jli.dll
0x00007ffe91f60000 - 0x00007ffe9200e000 	C:\Windows\System32\ADVAPI32.dll
0x00007ffe928c0000 - 0x00007ffe92963000 	C:\Windows\System32\msvcrt.dll
0x00007ffe92820000 - 0x00007ffe928be000 	C:\Windows\System32\sechost.dll
0x00007ffe93e30000 - 0x00007ffe93f50000 	C:\Windows\System32\RPCRT4.dll
0x00007ffe93a30000 - 0x00007ffe93bdd000 	C:\Windows\System32\USER32.dll
0x00007ffe91db0000 - 0x00007ffe91dd6000 	C:\Windows\System32\win32u.dll
0x00007ffe925d0000 - 0x00007ffe925f9000 	C:\Windows\System32\GDI32.dll
0x00007ffe90760000 - 0x00007ffe90a05000 	C:\Windows\WinSxS\amd64_microsoft.windows.common-controls_6595b64144ccf1df_6.0.22000.120_none_9d947278b86cc467\COMCTL32.dll
0x00007ffe91de0000 - 0x00007ffe91ef8000 	C:\Windows\System32\gdi32full.dll
0x00007ffe91ca0000 - 0x00007ffe91d3d000 	C:\Windows\System32\msvcp_win.dll
0x00007ffe87ff0000 - 0x00007ffe87ffa000 	C:\Windows\SYSTEM32\VERSION.dll
0x00007ffe93230000 - 0x00007ffe93262000 	C:\Windows\System32\IMM32.DLL
0x00007ffe4d5c0000 - 0x00007ffe4d65b000 	C:\Program Files\Java\jdk-11.0.16\bin\msvcp140.dll
0x00007ffe49770000 - 0x00007ffe4a288000 	C:\Program Files\Java\jdk-11.0.16\bin\server\jvm.dll
0x00007ffe93be0000 - 0x00007ffe93be8000 	C:\Windows\System32\PSAPI.DLL
0x00007ffe7b090000 - 0x00007ffe7b099000 	C:\Windows\SYSTEM32\WSOCK32.dll
0x00007ffe89ee0000 - 0x00007ffe89f13000 	C:\Windows\SYSTEM32\WINMM.dll
0x00007ffe927a0000 - 0x00007ffe9280f000 	C:\Windows\System32\WS2_32.dll
0x00007ffe8f820000 - 0x00007ffe8f838000 	C:\Windows\SYSTEM32\kernel.appcore.dll
0x00007ffe7b0d0000 - 0x00007ffe7b0e0000 	C:\Program Files\Java\jdk-11.0.16\bin\verify.dll
0x00007ffe90e70000 - 0x00007ffe91091000 	C:\Windows\SYSTEM32\DBGHELP.DLL
0x00007ffe90bb0000 - 0x00007ffe90be1000 	C:\Windows\SYSTEM32\dbgcore.DLL
0x00007ffe91c20000 - 0x00007ffe91c9f000 	C:\Windows\System32\bcryptPrimitives.dll
0x00007ffe63ea0000 - 0x00007ffe63ec8000 	C:\Program Files\Java\jdk-11.0.16\bin\java.dll
0x00007ffe7acb0000 - 0x00007ffe7acba000 	C:\Program Files\Java\jdk-11.0.16\bin\jimage.dll
0x00007ffe64750000 - 0x00007ffe64766000 	C:\Program Files\Java\jdk-11.0.16\bin\zip.dll
0x00007ffe93270000 - 0x00007ffe93a28000 	C:\Windows\System32\SHELL32.dll
0x00007ffe8e8a0000 - 0x00007ffe8f105000 	C:\Windows\SYSTEM32\windows.storage.dll
0x00007ffe92250000 - 0x00007ffe925c8000 	C:\Windows\System32\combase.dll
0x00007ffe8e730000 - 0x00007ffe8e896000 	C:\Windows\SYSTEM32\wintypes.dll
0x00007ffe92b00000 - 0x00007ffe92bea000 	C:\Windows\System32\SHCORE.dll
0x00007ffe93fe0000 - 0x00007ffe9403d000 	C:\Windows\System32\shlwapi.dll
0x00007ffe91480000 - 0x00007ffe914a1000 	C:\Windows\SYSTEM32\profapi.dll
0x00007ffe639a0000 - 0x00007ffe639b9000 	C:\Program Files\Java\jdk-11.0.16\bin\net.dll
0x00007ffe89dc0000 - 0x00007ffe89ed4000 	C:\Windows\SYSTEM32\WINHTTP.dll
0x00007ffe90350000 - 0x00007ffe903b7000 	C:\Windows\system32\mswsock.dll
0x00007ffe61910000 - 0x00007ffe61922000 	C:\Program Files\Java\jdk-11.0.16\bin\nio.dll
0x00007ffe647e0000 - 0x00007ffe64807000 	C:\Users\ouuum\.gradle\native\e1d6ef7f7dcc3fd88c89a11ec53ec762bb8ba0a96d01ffa2cd45eb1d1d8dd5c5\windows-amd64\native-platform.dll
0x00007ffe4d270000 - 0x00007ffe4d3b4000 	C:\Users\ouuum\.gradle\native\5664cfc778a61ccfe75a443a1ab52a65af34e5dc3c78e0209fed803814484fcb\windows-amd64\native-platform-file-events.dll
0x00007ffe79e20000 - 0x00007ffe79e29000 	C:\Program Files\Java\jdk-11.0.16\bin\management.dll
0x00007ffe77d30000 - 0x00007ffe77d3b000 	C:\Program Files\Java\jdk-11.0.16\bin\management_ext.dll
0x00007ffe91180000 - 0x00007ffe91198000 	C:\Windows\SYSTEM32\CRYPTSP.dll
0x00007ffe8f780000 - 0x00007ffe8f7b5000 	C:\Windows\system32\rsaenh.dll
0x00007ffe90640000 - 0x00007ffe90669000 	C:\Windows\SYSTEM32\USERENV.dll
0x00007ffe90e40000 - 0x00007ffe90e67000 	C:\Windows\SYSTEM32\bcrypt.dll
0x00007ffe905b0000 - 0x00007ffe905bc000 	C:\Windows\SYSTEM32\CRYPTBASE.dll
0x00007ffe8f360000 - 0x00007ffe8f38d000 	C:\Windows\SYSTEM32\IPHLPAPI.DLL
0x00007ffe93bf0000 - 0x00007ffe93bf9000 	C:\Windows\System32\NSI.dll
0x00007ffe89a60000 - 0x00007ffe89a79000 	C:\Windows\SYSTEM32\dhcpcsvc6.DLL
0x00007ffe8a830000 - 0x00007ffe8a84e000 	C:\Windows\SYSTEM32\dhcpcsvc.DLL
0x00007ffe8f3d0000 - 0x00007ffe8f4b8000 	C:\Windows\SYSTEM32\DNSAPI.dll

dbghelp: loaded successfully - version: 4.0.5 - missing functions: none
symbol engine: initialized successfully - sym options: 0x614 - pdb path: .;C:\Program Files\Java\jdk-11.0.16\bin;C:\Windows\SYSTEM32;C:\Windows\WinSxS\amd64_microsoft.windows.common-controls_6595b64144ccf1df_6.0.22000.120_none_9d947278b86cc467;C:\Program Files\Java\jdk-11.0.16\bin\server;C:\Users\ouuum\.gradle\native\e1d6ef7f7dcc3fd88c89a11ec53ec762bb8ba0a96d01ffa2cd45eb1d1d8dd5c5\windows-amd64;C:\Users\ouuum\.gradle\native\5664cfc778a61ccfe75a443a1ab52a65af34e5dc3c78e0209fed803814484fcb\windows-amd64

VM Arguments:
jvm_args: --add-opens=java.base/java.util=ALL-UNNAMED --add-opens=java.base/java.lang=ALL-UNNAMED --add-opens=java.base/java.lang.invoke=ALL-UNNAMED --add-opens=java.base/java.util=ALL-UNNAMED --add-opens=java.prefs/java.util.prefs=ALL-UNNAMED --add-opens=java.prefs/java.util.prefs=ALL-UNNAMED --add-opens=java.base/java.nio.charset=ALL-UNNAMED --add-opens=java.base/java.net=ALL-UNNAMED --add-opens=java.base/java.util.concurrent.atomic=ALL-UNNAMED -Xmx2048m -Dfile.encoding=UTF-8 -Duser.country=FR -Duser.language=fr -Duser.variant 
java_command: org.gradle.launcher.daemon.bootstrap.GradleDaemon 7.3.3
java_class_path (initial): C:\Users\ouuum\.gradle\wrapper\dists\gradle-7.3.3-bin\6a41zxkdtcxs8rphpq6y0069z\gradle-7.3.3\lib\gradle-launcher-7.3.3.jar
Launcher Type: SUN_STANDARD

[Global flags]
     intx CICompilerCount                          = 4                                         {product} {ergonomic}
     uint ConcGCThreads                            = 3                                         {product} {ergonomic}
     uint G1ConcRefinementThreads                  = 10                                        {product} {ergonomic}
   size_t G1HeapRegionSize                         = 1048576                                   {product} {ergonomic}
    uintx GCDrainStackTargetSize                   = 64                                        {product} {ergonomic}
   size_t InitialHeapSize                          = 98566144                                  {product} {ergonomic}
   size_t MarkStackSize                            = 4194304                                   {product} {ergonomic}
   size_t MaxHeapSize                              = 2147483648                                {product} {command line}
   size_t MaxNewSize                               = 1287651328                                {product} {ergonomic}
   size_t MinHeapDeltaBytes                        = 1048576                                   {product} {ergonomic}
    uintx NonNMethodCodeHeapSize                   = 5836300                                {pd product} {ergonomic}
    uintx NonProfiledCodeHeapSize                  = 122910970                              {pd product} {ergonomic}
    uintx ProfiledCodeHeapSize                     = 122910970                              {pd product} {ergonomic}
    uintx ReservedCodeCacheSize                    = 251658240                              {pd product} {ergonomic}
     bool SegmentedCodeCache                       = true                                      {product} {ergonomic}
     bool UseCompressedClassPointers               = true                                 {lp64_product} {ergonomic}
     bool UseCompressedOops                        = true                                 {lp64_product} {ergonomic}
     bool UseG1GC                                  = true                                      {product} {ergonomic}
     bool UseLargePagesIndividualAllocation        = false                                  {pd product} {ergonomic}

Logging:
Log output configuration:
 #0: stdout all=warning uptime,level,tags
 #1: stderr all=off uptime,level,tags

Environment Variables:
JAVA_HOME=C:\Program Files\Java\jdk-11.0.16
PATH=C:\Program Files (x86)\VMware\VMware Player\bin\;C:\Python310\Scripts\;C:\Python310\;C:\Program Files\Common Files\Oracle\Java\javapath;C:\Windows\system32;C:\Windows;C:\Windows\System32\Wbem;C:\Windows\System32\WindowsPowerShell\v1.0\;C:\Windows\System32\OpenSSH\;C:\Program Files\Git\cmd;C:\Program Files\nodejs\;C:\ProgramData\chocolatey\bin;C:\Program Files\PuTTY\;C:\Users\ouuum\AppData\Local\Microsoft\WindowsApps;C:\Users\ouuum\AppData\Local\Programs\Microsoft VS Code\bin;C:\Users\ouuum\AppData\Local\GitHubDesktop\bin;C:\Program Files\JetBrains\IntelliJ IDEA Community Edition 2022.2.1\bin;;C:\Users\ouuum\AppData\Roaming\npm
USERNAME=ouuum
OS=Windows_NT
PROCESSOR_IDENTIFIER=AMD64 Family 23 Model 104 Stepping 1, AuthenticAMD



---------------  S Y S T E M  ---------------

OS: Windows 11 , 64 bit Build 22000 (10.0.22000.1219)

CPU:total 12 (initial active 12) (12 cores per cpu, 2 threads per core) family 23 model 104 stepping 1 microcode 0x0, cmov, cx8, fxsr, mmx, sse, sse2, sse3, ssse3, sse4.1, sse4.2, popcnt, avx, avx2, aes, clmul, mmxext, 3dnowpref, lzcnt, sse4a, ht, tsc, tscinvbit, tscinv, bmi1, bmi2, adx,

Memory: 4k page, system-wide physical 6005M (61M free)
TotalPageFile size 24437M (AvailPageFile size 0M)
current process WorkingSet (physical memory assigned to process): 65M, peak: 440M
current process commit charge ("private bytes"): 550M, peak: 589M

vm_info: Java HotSpot(TM) 64-Bit Server VM (11.0.16+11-LTS-199) for windows-amd64 JRE (11.0.16+11-LTS-199), built on Jun 28 2022 08:23:17 by "mach5one" with MS VC++ 15.9 (VS2017)

END.
